TpTrace Verbose: 0 : 8672, 1, 2025/09/30, 16:34:12.534, 691245501214, testhost.dll, Version: 17.6.0 Current process architecture: X64
TpTrace Verbose: 0 : 8672, 1, 2025/09/30, 16:34:12.540, 691251699093, testhost.dll, Runtime location: /usr/lib/dotnet/shared/Microsoft.NETCore.App/8.0.20
TpTrace Information: 0 : 8672, 1, 2025/09/30, 16:34:12.544, 691255155344, testhost.dll, DefaultEngineInvoker.Invoke: Testhost process started with args :[--port, 40323],[--endpoint, 127.0.0.1:040323],[--role, client],[--parentprocessid, 8657],[--diag, /app/trace.host.25-09-30_16-34-12_11423_5.log],[--tracelevel, 4],[--telemetryoptedin, false]
TpTrace Information: 0 : 8672, 1, 2025/09/30, 16:34:12.544, 691255513337, testhost.dll, Setting up debug trace listener.
TpTrace Verbose: 0 : 8672, 1, 2025/09/30, 16:34:12.544, 691255725776, testhost.dll, TestPlatformTraceListener.Setup: Replacing listener System.Diagnostics.DefaultTraceListener with TestHostTraceListener.
TpTrace Verbose: 0 : 8672, 1, 2025/09/30, 16:34:12.544, 691255879403, testhost.dll, TestPlatformTraceListener.Setup: Added test platform trace listener.
TpTrace Information: 0 : 8672, 1, 2025/09/30, 16:34:12.545, 691256360207, testhost.dll, DefaultEngineInvoker.SetParentProcessExitCallback: Monitoring parent process with id: '8657'
TpTrace Information: 0 : 8672, 1, 2025/09/30, 16:34:12.552, 691263691241, testhost.dll, DefaultEngineInvoker.GetConnectionInfo: Initialize communication on endpoint address: '127.0.0.1:040323'
TpTrace Information: 0 : 8672, 1, 2025/09/30, 16:34:12.568, 691279600469, testhost.dll, SocketClient.Start: connecting to server endpoint: 127.0.0.1:040323
TpTrace Information: 0 : 8672, 5, 2025/09/30, 16:34:12.579, 691290863717, testhost.dll, SocketClient.OnServerConnected: connected to server endpoint: 127.0.0.1:040323
TpTrace Information: 0 : 8672, 1, 2025/09/30, 16:34:12.580, 691291157607, testhost.dll, DefaultEngineInvoker.Invoke: Start Request Processing.
TpTrace Information: 0 : 8672, 12, 2025/09/30, 16:34:12.582, 691293733714, testhost.dll, DefaultEngineInvoker.StartProcessingAsync: Connected to vstest.console, Starting process requests.
TpTrace Verbose: 0 : 8672, 5, 2025/09/30, 16:34:12.583, 691294266145, testhost.dll, MulticastDelegateUtilities.SafeInvoke: SocketClient: ServerConnected: Invoking callback 1/1 for Microsoft.VisualStudio.TestPlatform.CommunicationUtilities.TestRequestHandler., took 1 ms.
TpTrace Verbose: 0 : 8672, 5, 2025/09/30, 16:34:12.583, 691294309877, testhost.dll, Connected to server, and starting MessageLoopAsync
TpTrace Verbose: 0 : 8672, 11, 2025/09/30, 16:34:12.584, 691296078160, testhost.dll, TcpClientExtensions.MessageLoopAsync: Polling on remoteEndPoint: 127.0.0.1:40323 localEndPoint: 127.0.0.1:60702
TpTrace Verbose: 0 : 8672, 11, 2025/09/30, 16:34:12.636, 691347306196, testhost.dll, TcpClientExtensions.MessageLoopAsync: NotifyDataAvailable remoteEndPoint: 127.0.0.1:40323 localEndPoint: 127.0.0.1:60702
TpTrace Information: 0 : 8672, 11, 2025/09/30, 16:34:12.641, 691352318911, testhost.dll, TestRequestHandler.OnMessageReceived: received message: (ProtocolVersion) -> {"MessageType":"ProtocolVersion","Payload":7}
TpTrace Verbose: 0 : 8672, 11, 2025/09/30, 16:34:12.784, 691495492670, testhost.dll, TestRequestHandler.SendData: sending data from testhost: {"Version":7,"MessageType":"TestSession.Message","Payload":{"MessageLevel":0,"Message":"Logging TestHost Diagnostics in file: /app/trace.host.25-09-30_16-34-12_11423_5.log"}}
TpTrace Verbose: 0 : 8672, 11, 2025/09/30, 16:34:12.784, 691495773562, testhost.dll, MulticastDelegateUtilities.SafeInvoke: LengthPrefixCommunicationChannel: MessageReceived: Invoking callback 1/1 for Microsoft.VisualStudio.TestPlatform.CommunicationUtilities.TestRequestHandler., took 147 ms.
TpTrace Verbose: 0 : 8672, 11, 2025/09/30, 16:34:12.784, 691495844394, testhost.dll, TcpClientExtensions.MessageLoopAsync: Polling on remoteEndPoint: 127.0.0.1:40323 localEndPoint: 127.0.0.1:60702
TpTrace Verbose: 0 : 8672, 11, 2025/09/30, 16:34:12.819, 691530715180, testhost.dll, TcpClientExtensions.MessageLoopAsync: NotifyDataAvailable remoteEndPoint: 127.0.0.1:40323 localEndPoint: 127.0.0.1:60702
TpTrace Information: 0 : 8672, 11, 2025/09/30, 16:34:12.820, 691531193964, testhost.dll, TestRequestHandler.OnMessageReceived: received message: (TestExecution.Initialize) -> {"Version":7,"MessageType":"TestExecution.Initialize","Payload":["/app/csharp/Yini.Tests/bin/Debug/net8.0/NUnit3.TestAdapter.dll"]}
TpTrace Verbose: 0 : 8672, 11, 2025/09/30, 16:34:12.831, 691542888094, testhost.dll, MulticastDelegateUtilities.SafeInvoke: LengthPrefixCommunicationChannel: MessageReceived: Invoking callback 1/1 for Microsoft.VisualStudio.TestPlatform.CommunicationUtilities.TestRequestHandler., took 11 ms.
TpTrace Verbose: 0 : 8672, 11, 2025/09/30, 16:34:12.831, 691543081276, testhost.dll, TcpClientExtensions.MessageLoopAsync: Polling on remoteEndPoint: 127.0.0.1:40323 localEndPoint: 127.0.0.1:60702
TpTrace Information: 0 : 8672, 4, 2025/09/30, 16:34:12.832, 691543925305, testhost.dll, TestRequestHandler.OnMessageReceived: Running job 'TestExecution.Initialize'.
TpTrace Verbose: 0 : 8672, 4, 2025/09/30, 16:34:12.835, 691547116342, testhost.dll, TestExecutorService: Loading the extensions
TpTrace Verbose: 0 : 8672, 11, 2025/09/30, 16:34:12.837, 691548376474, testhost.dll, TcpClientExtensions.MessageLoopAsync: NotifyDataAvailable remoteEndPoint: 127.0.0.1:40323 localEndPoint: 127.0.0.1:60702
TpTrace Information: 0 : 8672, 11, 2025/09/30, 16:34:12.837, 691548511996, testhost.dll, TestRequestHandler.OnMessageReceived: received message: (TestExecution.StartWithSources) -> {"Version":7,"MessageType":"TestExecution.StartWithSources","Payload":{"AdapterSourceMap":{"_none_":["/app/csharp/Yini.Tests/bin/Debug/net8.0/Yini.Tests.dll"]},"RunSettings":"<RunSettings>\n  <RunConfiguration>\n    <ResultsDirectory>/app/csharp/Yini.Tests/TestResults</ResultsDirectory>\n    <TargetFrameworkVersion>.NETCoreApp,Version=v8.0</TargetFrameworkVersion>\n    <TestAdaptersPaths>/home/jules/.nuget/packages/coverlet.collector/6.0.0/build/netstandard1.0/</TestAdaptersPaths>\n    <DesignMode>False</DesignMode>\n    <CollectSourceInformation>False</CollectSourceInformation>\n  </RunConfiguration>\n  <LoggerRunSettings>\n    <Loggers>\n      <Logger friendlyName=\"Console\" uri=\"logger://microsoft/TestPlatform/ConsoleLogger/v1\" assemblyQualifiedName=\"Microsoft.VisualStudio.TestPlatform.CommandLine.Internal.ConsoleLogger, vstest.console, Version=15.0.0.0, Culture=neutral, PublicKeyToken=b03f5f7f11d50a3a\" codeBase=\"/usr/lib/dotnet/sdk/8.0.120/vstest.console.dll\" enabled=\"True\" />\n    </Loggers>\n  </LoggerRunSettings>\n</RunSettings>","TestExecutionContext":{"FrequencyOfRunStatsChangeEvent":10,"RunStatsChangeEventTimeout":"00:00:01.5000000","InIsolation":false,"KeepAlive":false,"AreTestCaseLevelEventsRequired":false,"IsDebug":false,"TestCaseFilter":null,"FilterOptions":null},"Package":null}}
TpTrace Verbose: 0 : 8672, 4, 2025/09/30, 16:34:12.838, 691549974291, testhost.dll, TestPluginCache.DiscoverTestExtensions: finding test extensions in assemblies ends with: TestAdapter.dll TPluginInfo: Microsoft.VisualStudio.TestPlatform.Common.ExtensionFramework.Utilities.TestExecutorPluginInformation TExtension: Microsoft.VisualStudio.TestPlatform.ObjectModel.Adapter.ITestExecutor
TpTrace Verbose: 0 : 8672, 4, 2025/09/30, 16:34:12.841, 691552320231, testhost.dll, TestPluginCache.GetExtensionPaths: Filtered extension paths:
TpTrace Verbose: 0 : 8672, 4, 2025/09/30, 16:34:12.841, 691552899312, testhost.dll, TestPluginCache.GetExtensionPaths: Added default extension paths: /app/csharp/Yini.Tests/bin/Debug/net8.0/NUnit3.TestAdapter.dll
TpTrace Verbose: 0 : 8672, 4, 2025/09/30, 16:34:12.841, 691553076361, testhost.dll, TestPluginCache.GetExtensionPaths: Added unfilterableExtensionPaths:
TpTrace Information: 0 : 8672, 4, 2025/09/30, 16:34:12.844, 691555366945, testhost.dll, AssemblyResolver.ctor: Creating AssemblyResolver with searchDirectories /app/csharp/Yini.Tests/bin/Debug/net8.0
TpTrace Verbose: 0 : 8672, 4, 2025/09/30, 16:34:12.845, 691556529837, testhost.dll, TestPluginCache.DiscoverTestExtensions: Discovering the extensions using extension path.
TpTrace Verbose: 0 : 8672, 4, 2025/09/30, 16:34:12.845, 691556836663, testhost.dll, TestPluginCache.GetExtensionPaths: Filtered extension paths:
TpTrace Verbose: 0 : 8672, 4, 2025/09/30, 16:34:12.845, 691556983548, testhost.dll, TestPluginCache.GetExtensionPaths: Added default extension paths: /app/csharp/Yini.Tests/bin/Debug/net8.0/NUnit3.TestAdapter.dll
TpTrace Verbose: 0 : 8672, 4, 2025/09/30, 16:34:12.846, 691557132833, testhost.dll, TestPluginCache.GetExtensionPaths: Added unfilterableExtensionPaths:
TpTrace Verbose: 0 : 8672, 4, 2025/09/30, 16:34:12.846, 691557278713, testhost.dll, TestPluginCache.DiscoverTestExtensions: Discovering the extensions using allExtensionPaths: /app/csharp/Yini.Tests/bin/Debug/net8.0/NUnit3.TestAdapter.dll
TpTrace Information: 0 : 8672, 4, 2025/09/30, 16:34:12.847, 691558298804, testhost.dll, AssemblyResolver.AddSearchDirectories: Adding more searchDirectories /app/csharp/Yini.Tests/bin/Debug/net8.0
TpTrace Information: 0 : 8672, 4, 2025/09/30, 16:34:12.850, 691561982951, testhost.dll, AssemblyResolver.OnResolve: NUnit3.TestAdapter: Resolving assembly.
TpTrace Information: 0 : 8672, 4, 2025/09/30, 16:34:12.851, 691562160132, testhost.dll, AssemblyResolver.OnResolve: NUnit3.TestAdapter: Searching in: '/app/csharp/Yini.Tests/bin/Debug/net8.0'.
TpTrace Information: 0 : 8672, 4, 2025/09/30, 16:34:12.861, 691572474668, testhost.dll, AssemblyResolver.OnResolve: NUnit3.TestAdapter: Loading assembly '/app/csharp/Yini.Tests/bin/Debug/net8.0/NUnit3.TestAdapter.dll'.
TpTrace Information: 0 : 8672, 4, 2025/09/30, 16:34:12.862, 691573224638, testhost.dll, AssemblyResolver.OnResolve: Resolved assembly: NUnit3.TestAdapter, from path: /app/csharp/Yini.Tests/bin/Debug/net8.0/NUnit3.TestAdapter.dll
TpTrace Verbose: 0 : 8672, 11, 2025/09/30, 16:34:12.870, 691581582931, testhost.dll, MulticastDelegateUtilities.SafeInvoke: LengthPrefixCommunicationChannel: MessageReceived: Invoking callback 1/1 for Microsoft.VisualStudio.TestPlatform.CommunicationUtilities.TestRequestHandler., took 33 ms.
TpTrace Verbose: 0 : 8672, 11, 2025/09/30, 16:34:12.870, 691581693867, testhost.dll, TcpClientExtensions.MessageLoopAsync: Polling on remoteEndPoint: 127.0.0.1:40323 localEndPoint: 127.0.0.1:60702
TpTrace Verbose: 0 : 8672, 4, 2025/09/30, 16:34:12.883, 691594616684, testhost.dll, MetadataReaderExtensionsHelper: Discovering extensions inside assembly 'NUnit3.TestAdapter, Version=4.2.0.0, Culture=neutral, PublicKeyToken=4cb40d35494691ac' file path '/app/csharp/Yini.Tests/bin/Debug/net8.0/NUnit3.TestAdapter.dll'
TpTrace Information: 0 : 8672, 4, 2025/09/30, 16:34:12.886, 691597795790, testhost.dll, AssemblyResolver.OnResolve: nunit.engine.api: Resolving assembly.
TpTrace Information: 0 : 8672, 4, 2025/09/30, 16:34:12.886, 691597997786, testhost.dll, AssemblyResolver.OnResolve: nunit.engine.api: Searching in: '/app/csharp/Yini.Tests/bin/Debug/net8.0'.
TpTrace Information: 0 : 8672, 4, 2025/09/30, 16:34:12.887, 691598281805, testhost.dll, AssemblyResolver.OnResolve: nunit.engine.api: Loading assembly '/app/csharp/Yini.Tests/bin/Debug/net8.0/nunit.engine.api.dll'.
TpTrace Information: 0 : 8672, 4, 2025/09/30, 16:34:12.887, 691598580344, testhost.dll, AssemblyResolver.OnResolve: Resolved assembly: nunit.engine.api, from path: /app/csharp/Yini.Tests/bin/Debug/net8.0/nunit.engine.api.dll
TpTrace Information: 0 : 8672, 4, 2025/09/30, 16:34:12.891, 691602526258, testhost.dll, GetTestExtensionFromType: Register extension with identifier data 'executor://NUnit3TestExecutor' and type 'NUnit.VisualStudio.TestAdapter.NUnit3TestExecutor, NUnit3.TestAdapter, Version=4.2.0.0, Culture=neutral, PublicKeyToken=4cb40d35494691ac' inside file '/app/csharp/Yini.Tests/bin/Debug/net8.0/NUnit3.TestAdapter.dll'
TpTrace Verbose: 0 : 8672, 4, 2025/09/30, 16:34:12.894, 691605281798, testhost.dll, TestPluginCache: Discovered the extensions using extension path ''.
TpTrace Verbose: 0 : 8672, 4, 2025/09/30, 16:34:12.894, 691606116902, testhost.dll, TestPluginCache: Discoverers are ''.
TpTrace Verbose: 0 : 8672, 4, 2025/09/30, 16:34:12.895, 691606347482, testhost.dll, TestPluginCache: Executors are 'executor://NUnit3TestExecutor'.
TpTrace Verbose: 0 : 8672, 4, 2025/09/30, 16:34:12.895, 691606539538, testhost.dll, TestPluginCache: Executors2 are ''.
TpTrace Verbose: 0 : 8672, 4, 2025/09/30, 16:34:12.895, 691606804241, testhost.dll, TestPluginCache: Setting providers are ''.
TpTrace Verbose: 0 : 8672, 4, 2025/09/30, 16:34:12.895, 691607010271, testhost.dll, TestPluginCache: Loggers are ''.
TpTrace Verbose: 0 : 8672, 4, 2025/09/30, 16:34:12.896, 691607180112, testhost.dll, TestPluginCache: TestHosts are ''.
TpTrace Verbose: 0 : 8672, 4, 2025/09/30, 16:34:12.896, 691607350716, testhost.dll, TestPluginCache: DataCollectors are ''.
TpTrace Verbose: 0 : 8672, 4, 2025/09/30, 16:34:12.899, 691610180199, testhost.dll, TestPluginCache.DiscoverTestExtensions: finding test extensions in assemblies ends with: TestAdapter.dll TPluginInfo: Microsoft.VisualStudio.TestPlatform.Common.ExtensionFramework.Utilities.TestExecutorPluginInformation2 TExtension: Microsoft.VisualStudio.TestPlatform.ObjectModel.Adapter.ITestExecutor2
TpTrace Verbose: 0 : 8672, 4, 2025/09/30, 16:34:12.899, 691610595722, testhost.dll, TestPluginCache.GetExtensionPaths: Filtered extension paths:
TpTrace Verbose: 0 : 8672, 4, 2025/09/30, 16:34:12.899, 691610831487, testhost.dll, TestPluginCache.GetExtensionPaths: Added default extension paths: /app/csharp/Yini.Tests/bin/Debug/net8.0/NUnit3.TestAdapter.dll
TpTrace Verbose: 0 : 8672, 4, 2025/09/30, 16:34:12.899, 691610950326, testhost.dll, TestPluginCache.GetExtensionPaths: Added unfilterableExtensionPaths:
TpTrace Information: 0 : 8672, 4, 2025/09/30, 16:34:12.900, 691611192132, testhost.dll, AssemblyResolver.AddSearchDirectories: Adding more searchDirectories /app/csharp/Yini.Tests/bin/Debug/net8.0
TpTrace Verbose: 0 : 8672, 4, 2025/09/30, 16:34:12.900, 691611323959, testhost.dll, TestPluginCache.DiscoverTestExtensions: Discovering the extensions using extension path.
TpTrace Verbose: 0 : 8672, 4, 2025/09/30, 16:34:12.900, 691611544379, testhost.dll, TestPluginCache.GetExtensionPaths: Filtered extension paths:
TpTrace Verbose: 0 : 8672, 4, 2025/09/30, 16:34:12.900, 691611641835, testhost.dll, TestPluginCache.GetExtensionPaths: Added default extension paths: /app/csharp/Yini.Tests/bin/Debug/net8.0/NUnit3.TestAdapter.dll
TpTrace Verbose: 0 : 8672, 4, 2025/09/30, 16:34:12.900, 691611830109, testhost.dll, TestPluginCache.GetExtensionPaths: Added unfilterableExtensionPaths:
TpTrace Verbose: 0 : 8672, 4, 2025/09/30, 16:34:12.900, 691611950192, testhost.dll, TestPluginCache.DiscoverTestExtensions: Discovering the extensions using allExtensionPaths: /app/csharp/Yini.Tests/bin/Debug/net8.0/NUnit3.TestAdapter.dll
TpTrace Information: 0 : 8672, 4, 2025/09/30, 16:34:12.900, 691612106413, testhost.dll, AssemblyResolver.AddSearchDirectories: Adding more searchDirectories /app/csharp/Yini.Tests/bin/Debug/net8.0
TpTrace Verbose: 0 : 8672, 4, 2025/09/30, 16:34:12.901, 691612193514, testhost.dll, MetadataReaderExtensionsHelper: Discovering extensions inside assembly 'NUnit3.TestAdapter, Version=4.2.0.0, Culture=neutral, PublicKeyToken=4cb40d35494691ac' file path '/app/csharp/Yini.Tests/bin/Debug/net8.0/NUnit3.TestAdapter.dll'
TpTrace Verbose: 0 : 8672, 4, 2025/09/30, 16:34:12.902, 691613218375, testhost.dll, TestPluginCache: Discovered the extensions using extension path ''.
TpTrace Verbose: 0 : 8672, 4, 2025/09/30, 16:34:12.902, 691613263992, testhost.dll, TestPluginCache: Discoverers are ''.
TpTrace Verbose: 0 : 8672, 4, 2025/09/30, 16:34:12.902, 691613293379, testhost.dll, TestPluginCache: Executors are 'executor://NUnit3TestExecutor'.
TpTrace Verbose: 0 : 8672, 4, 2025/09/30, 16:34:12.902, 691613343078, testhost.dll, TestPluginCache: Executors2 are ''.
TpTrace Verbose: 0 : 8672, 4, 2025/09/30, 16:34:12.902, 691613371608, testhost.dll, TestPluginCache: Setting providers are ''.
TpTrace Verbose: 0 : 8672, 4, 2025/09/30, 16:34:12.902, 691613384177, testhost.dll, TestPluginCache: Loggers are ''.
TpTrace Verbose: 0 : 8672, 4, 2025/09/30, 16:34:12.902, 691613397476, testhost.dll, TestPluginCache: TestHosts are ''.
TpTrace Verbose: 0 : 8672, 4, 2025/09/30, 16:34:12.902, 691613416457, testhost.dll, TestPluginCache: DataCollectors are ''.
TpTrace Information: 0 : 8672, 4, 2025/09/30, 16:34:12.914, 691625527201, testhost.dll, TestPluginManager.CreateTestExtension: Attempting to load test extension: NUnit.VisualStudio.TestAdapter.NUnit3TestExecutor
TpTrace Verbose: 0 : 8672, 4, 2025/09/30, 16:34:12.916, 691627406982, testhost.dll, TestExecutorExtensionManager: Loading executor Microsoft.VisualStudio.TestPlatform.Common.ExtensionDecorators.SerialTestRunDecorator
TpTrace Verbose: 0 : 8672, 4, 2025/09/30, 16:34:12.916, 691627575272, testhost.dll, TestExecutorService: Loaded the executors
TpTrace Verbose: 0 : 8672, 4, 2025/09/30, 16:34:12.917, 691628533154, testhost.dll, TestPluginCache.DiscoverTestExtensions: finding test extensions in assemblies ends with: TestAdapter.dll TPluginInfo: Microsoft.VisualStudio.TestPlatform.Common.ExtensionFramework.Utilities.TestSettingsProviderPluginInformation TExtension: Microsoft.VisualStudio.TestPlatform.ObjectModel.Adapter.ISettingsProvider
TpTrace Verbose: 0 : 8672, 4, 2025/09/30, 16:34:12.917, 691628885366, testhost.dll, TestPluginCache.GetExtensionPaths: Filtered extension paths:
TpTrace Verbose: 0 : 8672, 4, 2025/09/30, 16:34:12.917, 691629027818, testhost.dll, TestPluginCache.GetExtensionPaths: Added default extension paths: /app/csharp/Yini.Tests/bin/Debug/net8.0/NUnit3.TestAdapter.dll
TpTrace Verbose: 0 : 8672, 4, 2025/09/30, 16:34:12.918, 691629137086, testhost.dll, TestPluginCache.GetExtensionPaths: Added unfilterableExtensionPaths:
TpTrace Information: 0 : 8672, 4, 2025/09/30, 16:34:12.918, 691629279794, testhost.dll, AssemblyResolver.AddSearchDirectories: Adding more searchDirectories /app/csharp/Yini.Tests/bin/Debug/net8.0
TpTrace Verbose: 0 : 8672, 4, 2025/09/30, 16:34:12.918, 691629404692, testhost.dll, TestPluginCache.DiscoverTestExtensions: Discovering the extensions using extension path.
TpTrace Verbose: 0 : 8672, 4, 2025/09/30, 16:34:12.918, 691629498501, testhost.dll, TestPluginCache.GetExtensionPaths: Filtered extension paths:
TpTrace Verbose: 0 : 8672, 4, 2025/09/30, 16:34:12.918, 691629585242, testhost.dll, TestPluginCache.GetExtensionPaths: Added default extension paths: /app/csharp/Yini.Tests/bin/Debug/net8.0/NUnit3.TestAdapter.dll
TpTrace Verbose: 0 : 8672, 4, 2025/09/30, 16:34:12.918, 691629761611, testhost.dll, TestPluginCache.GetExtensionPaths: Added unfilterableExtensionPaths:
TpTrace Verbose: 0 : 8672, 4, 2025/09/30, 16:34:12.918, 691629938176, testhost.dll, TestPluginCache.DiscoverTestExtensions: Discovering the extensions using allExtensionPaths: /app/csharp/Yini.Tests/bin/Debug/net8.0/NUnit3.TestAdapter.dll
TpTrace Information: 0 : 8672, 4, 2025/09/30, 16:34:12.918, 691630061609, testhost.dll, AssemblyResolver.AddSearchDirectories: Adding more searchDirectories /app/csharp/Yini.Tests/bin/Debug/net8.0
TpTrace Verbose: 0 : 8672, 4, 2025/09/30, 16:34:12.919, 691630252821, testhost.dll, MetadataReaderExtensionsHelper: Discovering extensions inside assembly 'NUnit3.TestAdapter, Version=4.2.0.0, Culture=neutral, PublicKeyToken=4cb40d35494691ac' file path '/app/csharp/Yini.Tests/bin/Debug/net8.0/NUnit3.TestAdapter.dll'
TpTrace Verbose: 0 : 8672, 4, 2025/09/30, 16:34:12.920, 691631232057, testhost.dll, TestPluginCache: Discovered the extensions using extension path ''.
TpTrace Verbose: 0 : 8672, 4, 2025/09/30, 16:34:12.920, 691631391045, testhost.dll, TestPluginCache: Discoverers are ''.
TpTrace Verbose: 0 : 8672, 4, 2025/09/30, 16:34:12.920, 691631488644, testhost.dll, TestPluginCache: Executors are 'executor://NUnit3TestExecutor'.
TpTrace Verbose: 0 : 8672, 4, 2025/09/30, 16:34:12.920, 691631602358, testhost.dll, TestPluginCache: Executors2 are ''.
TpTrace Verbose: 0 : 8672, 4, 2025/09/30, 16:34:12.920, 691631809062, testhost.dll, TestPluginCache: Setting providers are ''.
TpTrace Verbose: 0 : 8672, 4, 2025/09/30, 16:34:12.920, 691631931964, testhost.dll, TestPluginCache: Loggers are ''.
TpTrace Verbose: 0 : 8672, 4, 2025/09/30, 16:34:12.920, 691632082704, testhost.dll, TestPluginCache: TestHosts are ''.
TpTrace Verbose: 0 : 8672, 4, 2025/09/30, 16:34:12.921, 691632206247, testhost.dll, TestPluginCache: DataCollectors are ''.
TpTrace Verbose: 0 : 8672, 4, 2025/09/30, 16:34:12.922, 691633167552, testhost.dll, TestExecutorService: Loaded the settings providers
TpTrace Information: 0 : 8672, 4, 2025/09/30, 16:34:12.922, 691633330684, testhost.dll, TestExecutorService: Loaded the extensions
TpTrace Information: 0 : 8672, 4, 2025/09/30, 16:34:12.922, 691634001171, testhost.dll, TestRequestHandler.OnMessageReceived: Running job 'TestExecution.StartWithSources'.
TpTrace Information: 0 : 8672, 4, 2025/09/30, 16:34:12.990, 691701225216, testhost.dll, TestDiscoveryManager: Discovering tests from sources /app/csharp/Yini.Tests/bin/Debug/net8.0/Yini.Tests.dll
TpTrace Verbose: 0 : 8672, 4, 2025/09/30, 16:34:12.992, 691703695772, testhost.dll, TestPluginCache.DiscoverTestExtensions: finding test extensions in assemblies ends with: TestAdapter.dll TPluginInfo: Microsoft.VisualStudio.TestPlatform.Common.ExtensionFramework.Utilities.TestDiscovererPluginInformation TExtension: Microsoft.VisualStudio.TestPlatform.ObjectModel.Adapter.ITestDiscoverer
TpTrace Verbose: 0 : 8672, 4, 2025/09/30, 16:34:12.992, 691704094086, testhost.dll, TestPluginCache.GetExtensionPaths: Filtered extension paths:
TpTrace Verbose: 0 : 8672, 4, 2025/09/30, 16:34:12.993, 691704289630, testhost.dll, TestPluginCache.GetExtensionPaths: Added default extension paths: /app/csharp/Yini.Tests/bin/Debug/net8.0/NUnit3.TestAdapter.dll
TpTrace Verbose: 0 : 8672, 4, 2025/09/30, 16:34:12.993, 691704406859, testhost.dll, TestPluginCache.GetExtensionPaths: Added unfilterableExtensionPaths:
TpTrace Information: 0 : 8672, 4, 2025/09/30, 16:34:12.993, 691704540545, testhost.dll, AssemblyResolver.AddSearchDirectories: Adding more searchDirectories /app/csharp/Yini.Tests/bin/Debug/net8.0
TpTrace Verbose: 0 : 8672, 4, 2025/09/30, 16:34:12.993, 691704645986, testhost.dll, TestPluginCache.DiscoverTestExtensions: Discovering the extensions using extension path.
TpTrace Verbose: 0 : 8672, 4, 2025/09/30, 16:34:12.993, 691704851236, testhost.dll, TestPluginCache.GetExtensionPaths: Filtered extension paths:
TpTrace Verbose: 0 : 8672, 4, 2025/09/30, 16:34:12.993, 691704978631, testhost.dll, TestPluginCache.GetExtensionPaths: Added default extension paths: /app/csharp/Yini.Tests/bin/Debug/net8.0/NUnit3.TestAdapter.dll
TpTrace Verbose: 0 : 8672, 4, 2025/09/30, 16:34:12.993, 691705068412, testhost.dll, TestPluginCache.GetExtensionPaths: Added unfilterableExtensionPaths:
TpTrace Verbose: 0 : 8672, 4, 2025/09/30, 16:34:12.994, 691705170827, testhost.dll, TestPluginCache.DiscoverTestExtensions: Discovering the extensions using allExtensionPaths: /app/csharp/Yini.Tests/bin/Debug/net8.0/NUnit3.TestAdapter.dll
TpTrace Information: 0 : 8672, 4, 2025/09/30, 16:34:12.994, 691705294064, testhost.dll, AssemblyResolver.AddSearchDirectories: Adding more searchDirectories /app/csharp/Yini.Tests/bin/Debug/net8.0
TpTrace Verbose: 0 : 8672, 4, 2025/09/30, 16:34:12.994, 691705467713, testhost.dll, MetadataReaderExtensionsHelper: Discovering extensions inside assembly 'NUnit3.TestAdapter, Version=4.2.0.0, Culture=neutral, PublicKeyToken=4cb40d35494691ac' file path '/app/csharp/Yini.Tests/bin/Debug/net8.0/NUnit3.TestAdapter.dll'
TpTrace Information: 0 : 8672, 4, 2025/09/30, 16:34:13.001, 691712154439, testhost.dll, GetTestExtensionFromType: Register extension with identifier data 'NUnit.VisualStudio.TestAdapter.NUnit3TestDiscoverer, NUnit3.TestAdapter, Version=4.2.0.0, Culture=neutral, PublicKeyToken=4cb40d35494691ac' and type 'NUnit.VisualStudio.TestAdapter.NUnit3TestDiscoverer, NUnit3.TestAdapter, Version=4.2.0.0, Culture=neutral, PublicKeyToken=4cb40d35494691ac' inside file '/app/csharp/Yini.Tests/bin/Debug/net8.0/NUnit3.TestAdapter.dll'
TpTrace Verbose: 0 : 8672, 4, 2025/09/30, 16:34:13.001, 691712581724, testhost.dll, TestPluginCache: Discovered the extensions using extension path ''.
TpTrace Verbose: 0 : 8672, 4, 2025/09/30, 16:34:13.001, 691712847895, testhost.dll, TestPluginCache: Discoverers are 'NUnit.VisualStudio.TestAdapter.NUnit3TestDiscoverer, NUnit3.TestAdapter, Version=4.2.0.0, Culture=neutral, PublicKeyToken=4cb40d35494691ac'.
TpTrace Verbose: 0 : 8672, 4, 2025/09/30, 16:34:13.001, 691712991675, testhost.dll, TestPluginCache: Executors are 'executor://NUnit3TestExecutor'.
TpTrace Verbose: 0 : 8672, 4, 2025/09/30, 16:34:13.001, 691713097352, testhost.dll, TestPluginCache: Executors2 are ''.
TpTrace Verbose: 0 : 8672, 4, 2025/09/30, 16:34:13.002, 691713193572, testhost.dll, TestPluginCache: Setting providers are ''.
TpTrace Verbose: 0 : 8672, 4, 2025/09/30, 16:34:13.002, 691713294233, testhost.dll, TestPluginCache: Loggers are ''.
TpTrace Verbose: 0 : 8672, 4, 2025/09/30, 16:34:13.002, 691713384518, testhost.dll, TestPluginCache: TestHosts are ''.
TpTrace Verbose: 0 : 8672, 4, 2025/09/30, 16:34:13.002, 691713478414, testhost.dll, TestPluginCache: DataCollectors are ''.
TpTrace Information: 0 : 8672, 4, 2025/09/30, 16:34:13.006, 691717761553, testhost.dll, PEReaderHelper.GetAssemblyType: Determined assemblyType:'Managed' for source: '/app/csharp/Yini.Tests/bin/Debug/net8.0/Yini.Tests.dll'
TpTrace Verbose: 0 : 8672, 4, 2025/09/30, 16:34:13.012, 691723392472, testhost.dll, BaseRunTests.RunTestInternalWithExecutors: Running tests for executor://NUnit3TestExecutor
TpTrace Information: 0 : 8672, 4, 2025/09/30, 16:34:13.018, 691729194457, testhost.dll, AssemblyResolver.OnResolve: nunit.engine.core: Resolving assembly.
TpTrace Information: 0 : 8672, 4, 2025/09/30, 16:34:13.018, 691729399326, testhost.dll, AssemblyResolver.OnResolve: nunit.engine.core: Searching in: '/app/csharp/Yini.Tests/bin/Debug/net8.0'.
TpTrace Information: 0 : 8672, 4, 2025/09/30, 16:34:13.018, 691729711915, testhost.dll, AssemblyResolver.OnResolve: nunit.engine.core: Loading assembly '/app/csharp/Yini.Tests/bin/Debug/net8.0/nunit.engine.core.dll'.
TpTrace Information: 0 : 8672, 4, 2025/09/30, 16:34:13.018, 691730052648, testhost.dll, AssemblyResolver.OnResolve: Resolved assembly: nunit.engine.core, from path: /app/csharp/Yini.Tests/bin/Debug/net8.0/nunit.engine.core.dll
TpTrace Information: 0 : 8672, 4, 2025/09/30, 16:34:13.033, 691744366457, testhost.dll, NUnit Adapter 4.2.0.0: Test execution started
TpTrace Verbose: 0 : 8672, 4, 2025/09/30, 16:34:13.033, 691744782032, testhost.dll, TestRequestHandler.SendData: sending data from testhost: {"Version":7,"MessageType":"TestSession.Message","Payload":{"MessageLevel":0,"Message":"NUnit Adapter 4.2.0.0: Test execution started"}}
TpTrace Verbose: 0 : 8672, 4, 2025/09/30, 16:34:13.035, 691746627970, testhost.dll, MulticastDelegateUtilities.SafeInvoke: TestRunMessageLoggerProxy.SendMessage: Invoking callback 1/1 for Microsoft.VisualStudio.TestPlatform.CrossPlatEngine.Execution.RunTestsWithSources., took 2 ms.
TpTrace Information: 0 : 8672, 4, 2025/09/30, 16:34:13.065, 691776770007, testhost.dll, Running all tests in /app/csharp/Yini.Tests/bin/Debug/net8.0/Yini.Tests.dll
TpTrace Verbose: 0 : 8672, 4, 2025/09/30, 16:34:13.065, 691776954757, testhost.dll, TestRequestHandler.SendData: sending data from testhost: {"Version":7,"MessageType":"TestSession.Message","Payload":{"MessageLevel":0,"Message":"Running all tests in /app/csharp/Yini.Tests/bin/Debug/net8.0/Yini.Tests.dll"}}
TpTrace Verbose: 0 : 8672, 4, 2025/09/30, 16:34:13.066, 691777601656, testhost.dll, MulticastDelegateUtilities.SafeInvoke: TestRunMessageLoggerProxy.SendMessage: Invoking callback 1/1 for Microsoft.VisualStudio.TestPlatform.CrossPlatEngine.Execution.RunTestsWithSources., took 1 ms.
TpTrace Information: 0 : 8672, 4, 2025/09/30, 16:34:13.075, 691786752478, testhost.dll, AssemblyResolver.OnResolve: testcentric.engine.metadata: Resolving assembly.
TpTrace Information: 0 : 8672, 4, 2025/09/30, 16:34:13.075, 691786870614, testhost.dll, AssemblyResolver.OnResolve: testcentric.engine.metadata: Searching in: '/app/csharp/Yini.Tests/bin/Debug/net8.0'.
TpTrace Information: 0 : 8672, 4, 2025/09/30, 16:34:13.075, 691787055485, testhost.dll, AssemblyResolver.OnResolve: testcentric.engine.metadata: Loading assembly '/app/csharp/Yini.Tests/bin/Debug/net8.0/testcentric.engine.metadata.dll'.
TpTrace Information: 0 : 8672, 4, 2025/09/30, 16:34:13.076, 691787370252, testhost.dll, AssemblyResolver.OnResolve: Resolved assembly: testcentric.engine.metadata, from path: /app/csharp/Yini.Tests/bin/Debug/net8.0/testcentric.engine.metadata.dll
TpTrace Information: 0 : 8672, 4, 2025/09/30, 16:34:13.204, 691915326394, testhost.dll,    NUnit3TestExecutor discovered 9 of 9 NUnit test cases using Current Discovery mode, Non-Explicit run
TpTrace Verbose: 0 : 8672, 4, 2025/09/30, 16:34:13.204, 691915713994, testhost.dll, TestRequestHandler.SendData: sending data from testhost: {"Version":7,"MessageType":"TestSession.Message","Payload":{"MessageLevel":0,"Message":"   NUnit3TestExecutor discovered 9 of 9 NUnit test cases using Current Discovery mode, Non-Explicit run"}}
TpTrace Verbose: 0 : 8672, 4, 2025/09/30, 16:34:13.206, 691917149463, testhost.dll, MulticastDelegateUtilities.SafeInvoke: TestRunMessageLoggerProxy.SendMessage: Invoking callback 1/1 for Microsoft.VisualStudio.TestPlatform.CrossPlatEngine.Execution.RunTestsWithSources., took 1 ms.
TpTrace Verbose: 0 : 8672, 14, 2025/09/30, 16:34:13.249, 691961075260, testhost.dll, TestExecutionRecorder.RecordStart: Starting test: Yini.Tests.YiniTests.GetSectionByName_ShouldReturnCorrectSection.
TpTrace Verbose: 0 : 8672, 14, 2025/09/30, 16:34:13.296, 692007846500, testhost.dll, TestExecutionRecorder.RecordEnd: test: Yini.Tests.YiniTests.GetSectionByName_ShouldReturnCorrectSection execution completed.
TpTrace Verbose: 0 : 8672, 14, 2025/09/30, 16:34:13.298, 692009240510, testhost.dll, TestExecutionRecorder.RecordResult: Received result for test: Yini.Tests.YiniTests.GetSectionByName_ShouldReturnCorrectSection.
